0 info it worked if it ends with ok
1 verbose cli [ '/usr/local/bin/node', '/usr/local/bin/npm', 'run', 'eslint' ]
2 info using npm@3.9.5
3 info using node@v6.2.2
4 verbose run-script [ 'preeslint', 'eslint', 'posteslint' ]
5 info lifecycle Challenge-10001st-prime@1.0.0~preeslint: Challenge-10001st-prime@1.0.0
6 silly lifecycle Challenge-10001st-prime@1.0.0~preeslint: no script for preeslint, continuing
7 info lifecycle Challenge-10001st-prime@1.0.0~eslint: Challenge-10001st-prime@1.0.0
8 verbose lifecycle Challenge-10001st-prime@1.0.0~eslint: unsafe-perm in lifecycle true
9 verbose lifecycle Challenge-10001st-prime@1.0.0~eslint: PATH: /usr/local/lib/node_modules/npm/bin/node-gyp-bin:/Users/joecarlson/Documents/Dev/devleague/Challenge-10001st-prime/node_modules/.bin:/usr/local/bin:/Applications/MAMP/bin/php/php5.6.10/bin:/Library/Frameworks/Python.framework/Versions/3.4/bin:/usr/local/git/bin:/sw/bin/:/usr/local/bin:/usr/local/:/usr/local/sbin:/usr/local/mysql/bin:/Library/Frameworks/Python.framework/Versions/3.5/bin:/usr/local/bin:/usr/bin:/bin:/usr/sbin:/sbin:/usr/local/MacGPG2/bin:/usr/local/bin:/usr/bin:/bin:/usr/sbin:/sbin:/usr/local/git/bin:/opt/sm/bin:/opt/sm/pkg/active/bin:/opt/sm/pkg/active/sbin:/usr/local/heroku/bin:/Users/joecarlson/dotfiles/misc:/Users/joecarlson/dotfiles/bin:/Users/joecarlson/.composer/vendor/bin:/Users/joecarlson/go/bin:$/data/db:/tools:/platform-tools:/usr/local/bin/:/bin:/usr/bin:/usr/sbin:/usr/local/bin:/usr/local/php/bin:/usr/local/php5/bin
10 verbose lifecycle Challenge-10001st-prime@1.0.0~eslint: CWD: /Users/joecarlson/Documents/Dev/devleague/Challenge-10001st-prime
11 silly lifecycle Challenge-10001st-prime@1.0.0~eslint: Args: [ '-c', 'eslint .' ]
12 silly lifecycle Challenge-10001st-prime@1.0.0~eslint: Returned: code: 1  signal: null
13 info lifecycle Challenge-10001st-prime@1.0.0~eslint: Failed to exec eslint script
14 verbose stack Error: Challenge-10001st-prime@1.0.0 eslint: `eslint .`
14 verbose stack Exit status 1
14 verbose stack     at EventEmitter.<anonymous> (/usr/local/lib/node_modules/npm/lib/utils/lifecycle.js:245:16)
14 verbose stack     at emitTwo (events.js:106:13)
14 verbose stack     at EventEmitter.emit (events.js:191:7)
14 verbose stack     at ChildProcess.<anonymous> (/usr/local/lib/node_modules/npm/lib/utils/spawn.js:24:14)
14 verbose stack     at emitTwo (events.js:106:13)
14 verbose stack     at ChildProcess.emit (events.js:191:7)
14 verbose stack     at maybeClose (internal/child_process.js:852:16)
14 verbose stack     at Process.ChildProcess._handle.onexit (internal/child_process.js:215:5)
15 verbose pkgid Challenge-10001st-prime@1.0.0
16 verbose cwd /Users/joecarlson/Documents/Dev/devleague/Challenge-10001st-prime
17 error Darwin 15.6.0
18 error argv "/usr/local/bin/node" "/usr/local/bin/npm" "run" "eslint"
19 error node v6.2.2
20 error npm  v3.9.5
21 error code ELIFECYCLE
22 error Challenge-10001st-prime@1.0.0 eslint: `eslint .`
22 error Exit status 1
23 error Failed at the Challenge-10001st-prime@1.0.0 eslint script 'eslint .'.
23 error Make sure you have the latest version of node.js and npm installed.
23 error If you do, this is most likely a problem with the Challenge-10001st-prime package,
23 error not with npm itself.
23 error Tell the author that this fails on your system:
23 error     eslint .
23 error You can get information on how to open an issue for this project with:
23 error     npm bugs Challenge-10001st-prime
23 error Or if that isn't available, you can get their info via:
23 error     npm owner ls Challenge-10001st-prime
23 error There is likely additional logging output above.
24 verbose exit [ 1, true ]
